<?xml version="1.0" encoding="UTF-8"?>
<!-- Generated by org.testng.reporters.JUnitReportReporter -->
<testsuite skipped="0" hostname="DESKTOP-2636VKI" name="com.tests.Test_TemperatureComparison" tests="1" failures="0" timestamp="10 Sep 2020 07:22:36 GMT" time="17.247" errors="0">
  <testcase name="temperature_test" time="17.247" classname="com.tests.Test_TemperatureComparison"/>
</testsuite> <!-- com.tests.Test_TemperatureComparison -->
